Traceback (most recent call last):
  File "/Users/mpin/opt/miniconda3/lib/python3.8/site-packages/jupyter_cache/executors/utils.py", line 51, in single_nb_execution
    executenb(
  File "/Users/mpin/opt/miniconda3/lib/python3.8/site-packages/nbclient/client.py", line 1082, in execute
    return NotebookClient(nb=nb, resources=resources, km=km, **kwargs).execute()
  File "/Users/mpin/opt/miniconda3/lib/python3.8/site-packages/nbclient/util.py", line 74, in wrapped
    return just_run(coro(*args, **kwargs))
  File "/Users/mpin/opt/miniconda3/lib/python3.8/site-packages/nbclient/util.py", line 53, in just_run
    return loop.run_until_complete(coro)
  File "/Users/mpin/opt/miniconda3/lib/python3.8/asyncio/base_events.py", line 616, in run_until_complete
    return future.result()
  File "/Users/mpin/opt/miniconda3/lib/python3.8/site-packages/nbclient/client.py", line 535, in async_execute
    await self.async_execute_cell(
  File "/Users/mpin/opt/miniconda3/lib/python3.8/site-packages/nbclient/client.py", line 827, in async_execute_cell
    self._check_raise_for_error(cell, exec_reply)
  File "/Users/mpin/opt/miniconda3/lib/python3.8/site-packages/nbclient/client.py", line 735, in _check_raise_for_error
    raise CellExecutionError.from_cell_and_msg(cell, exec_reply['content'])
nbclient.exceptions.CellExecutionError: An error occurred while executing the following cell:
------------------
epoch = eeg_objects.Epochs("../../data/927").epoch
------------------

[0;31m---------------------------------------------------------------------------[0m
[0;31mTypeError[0m                                 Traceback (most recent call last)
[0;32m<ipython-input-6-8eaa7c17737a>[0m in [0;36m<module>[0;34m[0m
[0;32m----> 1[0;31m [0mepoch[0m [0;34m=[0m [0meeg_objects[0m[0;34m.[0m[0mEpochs[0m[0;34m([0m[0;34m"../../data/927"[0m[0;34m)[0m[0;34m.[0m[0mepoch[0m[0;34m[0m[0;34m[0m[0m
[0m
[0;32m~/Documents/MDS/capstone/simpl_eeg_capstone/simpl_eeg/eeg_objects.py[0m in [0;36m__init__[0;34m(self, folder_path, tmin, tmax, start_second, file_name, **kwargs)[0m
[1;32m    167[0m [0;34m[0m[0m
[1;32m    168[0m         [0mself[0m[0;34m.[0m[0meeg_file[0m [0;34m=[0m [0mEEG_File[0m[0;34m([0m[0mfolder_path[0m[0;34m,[0m [0mfile_name[0m[0;34m=[0m[0mfile_name[0m[0;34m)[0m[0;34m[0m[0;34m[0m[0m
[0;32m--> 169[0;31m         [0mself[0m[0;34m.[0m[0mall_epochs[0m [0;34m=[0m [0mself[0m[0;34m.[0m[0mgenerate_epochs[0m[0;34m([0m[0mtmin[0m[0;34m,[0m [0mtmax[0m[0;34m,[0m [0mstart_second[0m[0;34m,[0m [0;34m**[0m[0mkwargs[0m[0;34m)[0m[0;34m[0m[0;34m[0m[0m
[0m[1;32m    170[0m [0;34m[0m[0m
[1;32m    171[0m         [0;31m# set first epoch to be the default selection[0m[0;34m[0m[0;34m[0m[0;34m[0m[0m

[0;32m~/Documents/MDS/capstone/simpl_eeg_capstone/simpl_eeg/eeg_objects.py[0m in [0;36mgenerate_epochs[0;34m(self, tmin, tmax, start_second, **kwargs)[0m
[1;32m    231[0m [0;34m[0m[0m
[1;32m    232[0m         [0;31m# generate the epoch[0m[0;34m[0m[0;34m[0m[0;34m[0m[0m
[0;32m--> 233[0;31m         epochs = mne.Epochs(
[0m[1;32m    234[0m             [0mself[0m[0;34m.[0m[0meeg_file[0m[0;34m.[0m[0mraw[0m[0;34m,[0m[0;34m[0m[0;34m[0m[0m
[1;32m    235[0m             [0mevents[0m[0;34m,[0m[0;34m[0m[0;34m[0m[0m

[0;32m<decorator-gen-224>[0m in [0;36m__init__[0;34m(self, raw, events, event_id, tmin, tmax, baseline, picks, preload, reject, flat, proj, decim, reject_tmin, reject_tmax, detrend, on_missing, reject_by_annotation, metadata, event_repeated, verbose)[0m

[0;32m~/opt/miniconda3/lib/python3.8/site-packages/mne/epochs.py[0m in [0;36m__init__[0;34m(self, raw, events, event_id, tmin, tmax, baseline, picks, preload, reject, flat, proj, decim, reject_tmin, reject_tmax, detrend, on_missing, reject_by_annotation, metadata, event_repeated, verbose)[0m
[1;32m   2530[0m         [0mself[0m[0;34m.[0m[0mreject_by_annotation[0m [0;34m=[0m [0mreject_by_annotation[0m[0;34m[0m[0;34m[0m[0m
[1;32m   2531[0m         [0;31m# call BaseEpochs constructor[0m[0;34m[0m[0;34m[0m[0;34m[0m[0m
[0;32m-> 2532[0;31m         super(Epochs, self).__init__(
[0m[1;32m   2533[0m             [0minfo[0m[0;34m,[0m [0;32mNone[0m[0;34m,[0m [0mevents[0m[0;34m,[0m [0mevent_id[0m[0;34m,[0m [0mtmin[0m[0;34m,[0m [0mtmax[0m[0;34m,[0m [0mmetadata[0m[0;34m=[0m[0mmetadata[0m[0;34m,[0m[0;34m[0m[0;34m[0m[0m
[1;32m   2534[0m             [0mbaseline[0m[0;34m=[0m[0mbaseline[0m[0;34m,[0m [0mraw[0m[0;34m=[0m[0mraw[0m[0;34m,[0m [0mpicks[0m[0;34m=[0m[0mpicks[0m[0;34m,[0m [0mreject[0m[0;34m=[0m[0mreject[0m[0;34m,[0m[0;34m[0m[0;34m[0m[0m

[0;32m<decorator-gen-212>[0m in [0;36m__init__[0;34m(self, info, data, events, event_id, tmin, tmax, baseline, raw, picks, reject, flat, decim, reject_tmin, reject_tmax, detrend, proj, on_missing, preload_at_end, selection, drop_log, filename, metadata, event_repeated, verbose)[0m

[0;32m~/opt/miniconda3/lib/python3.8/site-packages/mne/epochs.py[0m in [0;36m__init__[0;34m(self, info, data, events, event_id, tmin, tmax, baseline, raw, picks, reject, flat, decim, reject_tmin, reject_tmax, detrend, proj, on_missing, preload_at_end, selection, drop_log, filename, metadata, event_repeated, verbose)[0m
[1;32m    380[0m [0;34m[0m[0m
[1;32m    381[0m         [0;32mif[0m [0mevents[0m [0;32mis[0m [0;32mnot[0m [0;32mNone[0m[0;34m:[0m  [0;31m# RtEpochs can have events=None[0m[0;34m[0m[0;34m[0m[0m
[0;32m--> 382[0;31m             [0mevents[0m [0;34m=[0m [0m_ensure_events[0m[0;34m([0m[0mevents[0m[0;34m)[0m[0;34m[0m[0;34m[0m[0m
[0m[1;32m    383[0m             [0mevents_max[0m [0;34m=[0m [0mevents[0m[0;34m.[0m[0mmax[0m[0;34m([0m[0;34m)[0m[0;34m[0m[0;34m[0m[0m
[1;32m    384[0m             [0;32mif[0m [0mevents_max[0m [0;34m>[0m [0mINT32_MAX[0m[0;34m:[0m[0;34m[0m[0;34m[0m[0m

[0;32m~/opt/miniconda3/lib/python3.8/site-packages/mne/utils/check.py[0m in [0;36m_ensure_events[0;34m(events)[0m
[1;32m    779[0m         [0mevents[0m [0;34m=[0m [0mnp[0m[0;34m.[0m[0masarray[0m[0;34m([0m[0mevents[0m[0;34m)[0m[0;34m[0m[0;34m[0m[0m
[1;32m    780[0m     [0;32mif[0m [0;32mnot[0m [0mnp[0m[0;34m.[0m[0missubdtype[0m[0;34m([0m[0mevents[0m[0;34m.[0m[0mdtype[0m[0;34m,[0m [0mnp[0m[0;34m.[0m[0minteger[0m[0;34m)[0m[0;34m:[0m[0;34m[0m[0;34m[0m[0m
[0;32m--> 781[0;31m         raise TypeError('events should be a NumPy array of integers, '
[0m[1;32m    782[0m                         f'got {events_type}')
[1;32m    783[0m     [0;32mif[0m [0mevents[0m[0;34m.[0m[0mndim[0m [0;34m!=[0m [0;36m2[0m [0;32mor[0m [0mevents[0m[0;34m.[0m[0mshape[0m[0;34m[[0m[0;36m1[0m[0;34m][0m [0;34m!=[0m [0;36m3[0m[0;34m:[0m[0;34m[0m[0;34m[0m[0m

[0;31mTypeError[0m: events should be a NumPy array of integers, got <class 'list'>
TypeError: events should be a NumPy array of integers, got <class 'list'>

