Traceback (most recent call last):
  File "/opt/miniconda3/lib/python3.8/site-packages/jupyter_cache/executors/utils.py", line 51, in single_nb_execution
    executenb(
  File "/opt/miniconda3/lib/python3.8/site-packages/nbclient/client.py", line 1087, in execute
    return NotebookClient(nb=nb, resources=resources, km=km, **kwargs).execute()
  File "/opt/miniconda3/lib/python3.8/site-packages/nbclient/util.py", line 74, in wrapped
    return just_run(coro(*args, **kwargs))
  File "/opt/miniconda3/lib/python3.8/site-packages/nbclient/util.py", line 53, in just_run
    return loop.run_until_complete(coro)
  File "/opt/miniconda3/lib/python3.8/asyncio/base_events.py", line 616, in run_until_complete
    return future.result()
  File "/opt/miniconda3/lib/python3.8/site-packages/nbclient/client.py", line 540, in async_execute
    await self.async_execute_cell(
  File "/opt/miniconda3/lib/python3.8/site-packages/nbclient/client.py", line 832, in async_execute_cell
    self._check_raise_for_error(cell, exec_reply)
  File "/opt/miniconda3/lib/python3.8/site-packages/nbclient/client.py", line 740, in _check_raise_for_error
    raise CellExecutionError.from_cell_and_msg(cell, exec_reply['content'])
nbclient.exceptions.CellExecutionError: An error occurred while executing the following cell:
------------------
# You could change the plot to different formats by changing the format argument in the function. 
# It supports 'png', 'pdf', 'svg'.

file_path = "exports/voltage_plot.svg"  # change the file path to where you would like to save the file

voltage_plot.savefig(file_path, format="svg")
------------------

[0;31m---------------------------------------------------------------------------[0m
[0;31mFileNotFoundError[0m                         Traceback (most recent call last)
[0;32m<ipython-input-9-f3fe1d11c435>[0m in [0;36m<module>[0;34m[0m
[1;32m      4[0m [0mfile_path[0m [0;34m=[0m [0;34m"exports/voltage_plot.svg"[0m  [0;31m# change the file path to where you would like to save the file[0m[0;34m[0m[0;34m[0m[0m
[1;32m      5[0m [0;34m[0m[0m
[0;32m----> 6[0;31m [0mvoltage_plot[0m[0;34m.[0m[0msavefig[0m[0;34m([0m[0mfile_path[0m[0;34m,[0m [0mformat[0m[0;34m=[0m[0;34m"svg"[0m[0;34m)[0m[0;34m[0m[0;34m[0m[0m
[0m
[0;32m/opt/miniconda3/lib/python3.8/site-packages/matplotlib/figure.py[0m in [0;36msavefig[0;34m(self, fname, transparent, **kwargs)[0m
[1;32m   3003[0m                 [0mpatch[0m[0;34m.[0m[0mset_edgecolor[0m[0;34m([0m[0;34m'none'[0m[0;34m)[0m[0;34m[0m[0;34m[0m[0m
[1;32m   3004[0m [0;34m[0m[0m
[0;32m-> 3005[0;31m         [0mself[0m[0;34m.[0m[0mcanvas[0m[0;34m.[0m[0mprint_figure[0m[0;34m([0m[0mfname[0m[0;34m,[0m [0;34m**[0m[0mkwargs[0m[0;34m)[0m[0;34m[0m[0;34m[0m[0m
[0m[1;32m   3006[0m [0;34m[0m[0m
[1;32m   3007[0m         [0;32mif[0m [0mtransparent[0m[0;34m:[0m[0;34m[0m[0;34m[0m[0m

[0;32m/opt/miniconda3/lib/python3.8/site-packages/matplotlib/backend_bases.py[0m in [0;36mprint_figure[0;34m(self, filename, dpi, facecolor, edgecolor, orientation, format, bbox_inches, pad_inches, bbox_extra_artists, backend, **kwargs)[0m
[1;32m   2253[0m                 [0;31m# force the figure dpi to 72), so we need to set it again here.[0m[0;34m[0m[0;34m[0m[0;34m[0m[0m
[1;32m   2254[0m                 [0;32mwith[0m [0mcbook[0m[0;34m.[0m[0m_setattr_cm[0m[0;34m([0m[0mself[0m[0;34m.[0m[0mfigure[0m[0;34m,[0m [0mdpi[0m[0;34m=[0m[0mdpi[0m[0;34m)[0m[0;34m:[0m[0;34m[0m[0;34m[0m[0m
[0;32m-> 2255[0;31m                     result = print_method(
[0m[1;32m   2256[0m                         [0mfilename[0m[0;34m,[0m[0;34m[0m[0;34m[0m[0m
[1;32m   2257[0m                         [0mfacecolor[0m[0;34m=[0m[0mfacecolor[0m[0;34m,[0m[0;34m[0m[0;34m[0m[0m

[0;32m/opt/miniconda3/lib/python3.8/site-packages/matplotlib/backends/backend_svg.py[0m in [0;36mprint_svg[0;34m(self, filename, *args, **kwargs)[0m
[1;32m   1319[0m             [0m__[0m [0mDC_[0m[0;34m[0m[0;34m[0m[0m
[1;32m   1320[0m         """
[0;32m-> 1321[0;31m         [0;32mwith[0m [0mcbook[0m[0;34m.[0m[0mopen_file_cm[0m[0;34m([0m[0mfilename[0m[0;34m,[0m [0;34m"w"[0m[0;34m,[0m [0mencoding[0m[0;34m=[0m[0;34m"utf-8"[0m[0;34m)[0m [0;32mas[0m [0mfh[0m[0;34m:[0m[0;34m[0m[0;34m[0m[0m
[0m[1;32m   1322[0m [0;34m[0m[0m
[1;32m   1323[0m             [0mfilename[0m [0;34m=[0m [0mgetattr[0m[0;34m([0m[0mfh[0m[0;34m,[0m [0;34m'name'[0m[0;34m,[0m [0;34m''[0m[0;34m)[0m[0;34m[0m[0;34m[0m[0m

[0;32m/opt/miniconda3/lib/python3.8/contextlib.py[0m in [0;36m__enter__[0;34m(self)[0m
[1;32m    111[0m         [0;32mdel[0m [0mself[0m[0;34m.[0m[0margs[0m[0;34m,[0m [0mself[0m[0;34m.[0m[0mkwds[0m[0;34m,[0m [0mself[0m[0;34m.[0m[0mfunc[0m[0;34m[0m[0;34m[0m[0m
[1;32m    112[0m         [0;32mtry[0m[0;34m:[0m[0;34m[0m[0;34m[0m[0m
[0;32m--> 113[0;31m             [0;32mreturn[0m [0mnext[0m[0;34m([0m[0mself[0m[0;34m.[0m[0mgen[0m[0;34m)[0m[0;34m[0m[0;34m[0m[0m
[0m[1;32m    114[0m         [0;32mexcept[0m [0mStopIteration[0m[0;34m:[0m[0;34m[0m[0;34m[0m[0m
[1;32m    115[0m             [0;32mraise[0m [0mRuntimeError[0m[0;34m([0m[0;34m"generator didn't yield"[0m[0;34m)[0m [0;32mfrom[0m [0;32mNone[0m[0;34m[0m[0;34m[0m[0m

[0;32m/opt/miniconda3/lib/python3.8/site-packages/matplotlib/cbook/__init__.py[0m in [0;36mopen_file_cm[0;34m(path_or_file, mode, encoding)[0m
[1;32m    475[0m [0;32mdef[0m [0mopen_file_cm[0m[0;34m([0m[0mpath_or_file[0m[0;34m,[0m [0mmode[0m[0;34m=[0m[0;34m"r"[0m[0;34m,[0m [0mencoding[0m[0;34m=[0m[0;32mNone[0m[0;34m)[0m[0;34m:[0m[0;34m[0m[0;34m[0m[0m
[1;32m    476[0m     [0;34mr"""Pass through file objects and context-manage path-likes."""[0m[0;34m[0m[0;34m[0m[0m
[0;32m--> 477[0;31m     [0mfh[0m[0;34m,[0m [0mopened[0m [0;34m=[0m [0mto_filehandle[0m[0;34m([0m[0mpath_or_file[0m[0;34m,[0m [0mmode[0m[0;34m,[0m [0;32mTrue[0m[0;34m,[0m [0mencoding[0m[0;34m)[0m[0;34m[0m[0;34m[0m[0m
[0m[1;32m    478[0m     [0;32mif[0m [0mopened[0m[0;34m:[0m[0;34m[0m[0;34m[0m[0m
[1;32m    479[0m         [0;32mwith[0m [0mfh[0m[0;34m:[0m[0;34m[0m[0;34m[0m[0m

[0;32m/opt/miniconda3/lib/python3.8/site-packages/matplotlib/cbook/__init__.py[0m in [0;36mto_filehandle[0;34m(fname, flag, return_opened, encoding)[0m
[1;32m    460[0m             [0mfh[0m [0;34m=[0m [0mbz2[0m[0;34m.[0m[0mBZ2File[0m[0;34m([0m[0mfname[0m[0;34m,[0m [0mflag[0m[0;34m)[0m[0;34m[0m[0;34m[0m[0m
[1;32m    461[0m         [0;32melse[0m[0;34m:[0m[0;34m[0m[0;34m[0m[0m
[0;32m--> 462[0;31m             [0mfh[0m [0;34m=[0m [0mopen[0m[0;34m([0m[0mfname[0m[0;34m,[0m [0mflag[0m[0;34m,[0m [0mencoding[0m[0;34m=[0m[0mencoding[0m[0;34m)[0m[0;34m[0m[0;34m[0m[0m
[0m[1;32m    463[0m         [0mopened[0m [0;34m=[0m [0;32mTrue[0m[0;34m[0m[0;34m[0m[0m
[1;32m    464[0m     [0;32melif[0m [0mhasattr[0m[0;34m([0m[0mfname[0m[0;34m,[0m [0;34m'seek'[0m[0;34m)[0m[0;34m:[0m[0;34m[0m[0;34m[0m[0m

[0;31mFileNotFoundError[0m: [Errno 2] No such file or directory: 'exports/voltage_plot.svg'
FileNotFoundError: [Errno 2] No such file or directory: 'exports/voltage_plot.svg'

