Traceback (most recent call last):
  File "/opt/miniconda3/lib/python3.8/site-packages/jupyter_cache/executors/utils.py", line 51, in single_nb_execution
    executenb(
  File "/opt/miniconda3/lib/python3.8/site-packages/nbclient/client.py", line 1087, in execute
    return NotebookClient(nb=nb, resources=resources, km=km, **kwargs).execute()
  File "/opt/miniconda3/lib/python3.8/site-packages/nbclient/util.py", line 74, in wrapped
    return just_run(coro(*args, **kwargs))
  File "/opt/miniconda3/lib/python3.8/site-packages/nbclient/util.py", line 53, in just_run
    return loop.run_until_complete(coro)
  File "/opt/miniconda3/lib/python3.8/asyncio/base_events.py", line 616, in run_until_complete
    return future.result()
  File "/opt/miniconda3/lib/python3.8/site-packages/nbclient/client.py", line 540, in async_execute
    await self.async_execute_cell(
  File "/opt/miniconda3/lib/python3.8/site-packages/nbclient/client.py", line 832, in async_execute_cell
    self._check_raise_for_error(cell, exec_reply)
  File "/opt/miniconda3/lib/python3.8/site-packages/nbclient/client.py", line 740, in _check_raise_for_error
    raise CellExecutionError.from_cell_and_msg(cell, exec_reply['content'])
nbclient.exceptions.CellExecutionError: An error occurred while executing the following cell:
------------------
timestamp = -300  # you can change the value to the time stamp of your interest
topo_3d__head_static = topomap_3d_head.topo_3d_map(
    epoch,
    time_stamp,
    color_title="EEG MicroVolt",
    color_min=color_min,
    color_max=color_max,
    colormap=colormap,
)
------------------

[0;31m---------------------------------------------------------------------------[0m
[0;31mNameError[0m                                 Traceback (most recent call last)
[0;32m<ipython-input-8-fd32d8517896>[0m in [0;36m<module>[0;34m[0m
[1;32m      2[0m topo_3d__head_static = topomap_3d_head.topo_3d_map(
[1;32m      3[0m     [0mepoch[0m[0;34m,[0m[0;34m[0m[0;34m[0m[0m
[0;32m----> 4[0;31m     [0mtime_stamp[0m[0;34m,[0m[0;34m[0m[0;34m[0m[0m
[0m[1;32m      5[0m     [0mcolor_title[0m[0;34m=[0m[0;34m"EEG MicroVolt"[0m[0;34m,[0m[0;34m[0m[0;34m[0m[0m
[1;32m      6[0m     [0mcolor_min[0m[0;34m=[0m[0mcolor_min[0m[0;34m,[0m[0;34m[0m[0;34m[0m[0m

[0;31mNameError[0m: name 'time_stamp' is not defined
NameError: name 'time_stamp' is not defined

